<?xml version="1.0" encoding="UTF-8"?>
<testng-results total="5" passed="5" failed="0" skipped="0">
  <reporter-output>
  </reporter-output>
  <suite started-at="2021-05-30T15:44:20Z" name="Default suite" finished-at="2021-05-30T15:44:42Z" duration-ms="21695">
    <groups>
    </groups>
    <test started-at="2021-05-30T15:44:20Z" name="Default test" finished-at="2021-05-30T15:44:42Z" duration-ms="21695">
      <class name="HomeScreen">
        <test-method signature="UserLogin()[pri:0, instance:HomeScreen@192d3247]" started-at="2021-05-30T21:14:20Z" name="UserLogin" description="User login" finished-at="2021-05-30T21:14:41Z" duration-ms="20168" status="PASS">
          <reporter-output>
          </reporter-output>
        </test-method> <!-- UserLogin -->
        <test-method signature="TestNotStartedTab()[pri:0, instance:HomeScreen@192d3247]" started-at="2021-05-30T21:14:41Z" name="TestNotStartedTab" description="Tests not started tab" finished-at="2021-05-30T21:14:41Z" duration-ms="93" status="PASS">
          <reporter-output>
          </reporter-output>
        </test-method> <!-- TestNotStartedTab -->
        <test-method signature="TestProgressTab()[pri:0, instance:HomeScreen@192d3247]" started-at="2021-05-30T21:14:41Z" name="TestProgressTab" description="Tests progress tab" finished-at="2021-05-30T21:14:41Z" duration-ms="241" status="PASS">
          <reporter-output>
          </reporter-output>
        </test-method> <!-- TestProgressTab -->
        <test-method signature="TestCompletedTab()[pri:0, instance:HomeScreen@192d3247]" started-at="2021-05-30T21:14:41Z" name="TestCompletedTab" description="Tests completed tab" finished-at="2021-05-30T21:14:41Z" duration-ms="604" status="PASS">
          <reporter-output>
          </reporter-output>
        </test-method> <!-- TestCompletedTab -->
        <test-method signature="TestProfileScreenNav()[pri:0, instance:HomeScreen@192d3247]" started-at="2021-05-30T21:14:41Z" name="TestProfileScreenNav" description="Tests profile screen navigation" finished-at="2021-05-30T21:14:42Z" duration-ms="561" status="PASS">
          <reporter-output>
          </reporter-output>
        </test-method> <!-- TestProfileScreenNav -->
      </class> <!-- HomeScreen -->
    </test> <!-- Default test -->
  </suite> <!-- Default suite -->
</testng-results>
