<?xml version="1.0" encoding="UTF-8"?>
<!-- Generated by org.testng.reporters.JUnitXMLReporter -->
<testsuite hostname="DESKTOP-OOOA8K2" failures="0" tests="5" name="Default test" time="21.695" errors="0" timestamp="30 May 2021 15:44:42 GMT">
  <testcase classname="HomeScreen" name="UserLogin" time="20.168"/>
  <testcase classname="HomeScreen" name="TestNotStartedTab" time="0.093"/>
  <testcase classname="HomeScreen" name="TestProgressTab" time="0.241"/>
  <testcase classname="HomeScreen" name="TestCompletedTab" time="0.604"/>
  <testcase classname="HomeScreen" name="TestProfileScreenNav" time="0.561"/>
</testsuite> <!-- Default test -->
